Using pre-set license
Built from '2020.3/china_unity/release' branch; Version is '2020.3.30f1c1 (b9cd9c36b8f8) revision 12176796'; Using compiler version '192528614'; Build Type 'Release'
OS: 'Windows 10  (10.0.19044) 64bit CoreCountrySpecific' Language: 'zh' Physical Memory: 16217 MB
BatchMode: 1, IsHumanControllingUs: 0, StartBugReporterOnCrash: 0, Is64bit: 1, IsPro: 0

COMMAND LINE ARGUMENTS:
D:\unityHub\unityEditor\2020.3.30f1c1\Editor\Unity.exe
-adb2
-batchMode
-noUpm
-name
AssetImportWorker0
-projectPath
D:/大三下/developing user experience/project_Store_Test/LeiLeiLi_Group/LeiLeiLi_Group/Team
-logFile
Logs/AssetImportWorker0.log
-srvPort
65234
Successfully changed project path to: D:/大三下/developing user experience/project_Store_Test/LeiLeiLi_Group/LeiLeiLi_Group/Team
D:/大三下/developing user experience/project_Store_Test/LeiLeiLi_Group/LeiLeiLi_Group/Team
Using Asset Import Pipeline V2.
AS: AutoStreaming module initializing.Refreshing native plugins compatible for Editor in 41.03 ms, found 2 plugins.
Preloading 0 native plugins for Editor in 0.00 ms.
Initialize engine version: 2020.3.30f1c1 (b9cd9c36b8f8)
[Subsystems] Discovering subsystems at path D:/unityHub/unityEditor/2020.3.30f1c1/Editor/Data/Resources/UnitySubsystems
[Subsystems] Discovering subsystems at path D:/大三下/developing user experience/project_Store_Test/LeiLeiLi_Group/LeiLeiLi_Group/Team/Assets
GfxDevice: creating device client; threaded=0
Direct3D:
    Version:  Direct3D 11.0 [level 11.1]
    Renderer: NVIDIA GeForce MX250 (ID=0x1d13)
    Vendor:   
    VRAM:     1983 MB
    Driver:   26.21.14.4112
Initialize mono
Mono path[0] = 'D:/unityHub/unityEditor/2020.3.30f1c1/Editor/Data/Managed'
Mono path[1] = 'D:/unityHub/unityEditor/2020.3.30f1c1/Editor/Data/MonoBleedingEdge/lib/mono/unityjit'
Mono config path = 'D:/unityHub/unityEditor/2020.3.30f1c1/Editor/Data/MonoBleedingEdge/etc'
Using monoOptions --debugger-agent=transport=dt_socket,embedding=1,server=y,suspend=n,address=127.0.0.1:56884
Begin MonoManager ReloadAssembly
Registering precompiled unity dll's ...
Register platform support module: D:/unityHub/unityEditor/2020.3.30f1c1/Editor/Data/PlaybackEngines/WebGLSupport/UnityEditor.WebGL.Extensions.dll
Register platform support module: D:/unityHub/unityEditor/2020.3.30f1c1/Editor/Data/PlaybackEngines/WindowsStandaloneSupport/UnityEditor.WindowsStandalone.Extensions.dll
Registered in 0.001272 seconds.
Native extension for WindowsStandalone target not found
Native extension for WebGL target not found
Refreshing native plugins compatible for Editor in 46.26 ms, found 2 plugins.
Preloading 0 native plugins for Editor in 0.00 ms.
Mono: successfully reloaded assembly
- Completed reload, in  0.696 seconds
Domain Reload Profiling:
	ReloadAssembly (696ms)
		BeginReloadAssembly (65ms)
			ExecutionOrderSort (0ms)
			DisableScriptedObjects (0ms)
			BackupInstance (0ms)
			ReleaseScriptingObjects (0ms)
			CreateAndSetChildDomain (1ms)
		EndReloadAssembly (550ms)
			LoadAssemblies (64ms)
			RebuildTransferFunctionScriptingTraits (0ms)
			SetupTypeCache (170ms)
			ReleaseScriptCaches (0ms)
			RebuildScriptCaches (44ms)
			SetupLoadedEditorAssemblies (214ms)
				LogAssemblyErrors (0ms)
				InitializePlatformSupportModulesInManaged (6ms)
				SetLoadedEditorAssemblies (0ms)
				RefreshPlugins (46ms)
				BeforeProcessingInitializeOnLoad (23ms)
				ProcessInitializeOnLoadAttributes (103ms)
				ProcessInitializeOnLoadMethodAttributes (34ms)
				AfterProcessingInitializeOnLoad (0ms)
				EditorAssembliesLoaded (0ms)
			ExecutionOrderSort2 (0ms)
			AwakeInstancesAfterBackupRestoration (0ms)
Platform modules already initialized, skipping
Registering precompiled user dll's ...
Registered in 0.003020 seconds.
Begin MonoManager ReloadAssembly
OnLevelWasLoaded was found on DOTweenComponent
This message has been deprecated and will be removed in a later version of Unity.
Add a delegate to SceneManager.sceneLoaded instead to get notifications after scene loading has completed
Native extension for WindowsStandalone target not found
Native extension for WebGL target not found
Refreshing native plugins compatible for Editor in 0.41 ms, found 2 plugins.
Preloading 0 native plugins for Editor in 0.00 ms.
Mono: successfully reloaded assembly
- Completed reload, in  1.242 seconds
Domain Reload Profiling:
	ReloadAssembly (1243ms)
		BeginReloadAssembly (231ms)
			ExecutionOrderSort (0ms)
			DisableScriptedObjects (7ms)
			BackupInstance (0ms)
			ReleaseScriptingObjects (0ms)
			CreateAndSetChildDomain (24ms)
		EndReloadAssembly (944ms)
			LoadAssemblies (99ms)
			RebuildTransferFunctionScriptingTraits (0ms)
			SetupTypeCache (315ms)
			ReleaseScriptCaches (0ms)
			RebuildScriptCaches (59ms)
			SetupLoadedEditorAssemblies (364ms)
				LogAssemblyErrors (0ms)
				InitializePlatformSupportModulesInManaged (7ms)
				SetLoadedEditorAssemblies (1ms)
				RefreshPlugins (0ms)
				BeforeProcessingInitializeOnLoad (93ms)
				ProcessInitializeOnLoadAttributes (248ms)
				ProcessInitializeOnLoadMethodAttributes (12ms)
				AfterProcessingInitializeOnLoad (3ms)
				EditorAssembliesLoaded (0ms)
			ExecutionOrderSort2 (0ms)
			AwakeInstancesAfterBackupRestoration (9ms)
Platform modules already initialized, skipping
========================================================================
Worker process is ready to serve import requests
Launched and connected shader compiler UnityShaderCompiler.exe after 0.05 seconds
Refreshing native plugins compatible for Editor in 0.39 ms, found 2 plugins.
Preloading 0 native plugins for Editor in 0.00 ms.
Unloading 1605 Unused Serialized files (Serialized files now loaded: 0)
System memory in use before: 76.4 MB.
System memory in use after: 76.4 MB.

Unloading 21 unused Assets to reduce memory usage. Loaded Objects now: 2041.
Total: 2.658700 ms (FindLiveObjects: 0.140300 ms CreateObjectMapping: 0.055700 ms MarkObjects: 2.401800 ms  DeleteObjects: 0.060100 ms)

AssetImportParameters requested are different than current active one (requested -> active):
  custom:framework-win-MediaFoundation: 216162199b28c13a410421893ffa2e32 -> 
  custom:video-decoder-ogg-theora: a1e56fd34408186e4bbccfd4996cb3dc -> 
  custom:container-muxer-webm: aa71ff27fc2769a1b78a27578f13a17b -> 
  custom:container-demuxer-webm: 4f35f7cbe854078d1ac9338744f61a02 -> 
  custom:container-demuxer-ogg: 62fdf1f143b41e24485cea50d1cbac27 -> 
  custom:video-encoder-webm-vp8: eb34c28f22e8b96e1ab97ce403110664 -> 
  custom:video-codec-MediaFoundation-h265: 746d11721c4dcdbdad8f713fa42b33f4 -> 
  custom:video-decoder-webm-vp8: 9c59270c3fd7afecdb556c50c9e8de78 -> 
  custom:audio-decoder-ogg-vorbis: bf7c407c2cedff20999df2af8eb42d56 -> 
  custom:audio-encoder-webm-vorbis: bf7c407c2cedff20999df2af8eb42d56 -> 
========================================================================
Received Import Request.
  path: Assets/Scenes
  artifactKey: Guid(505a73f4980c1e44aad7451ac858fb8e) Importer(815301076,1909f56bfc062723c751e8b465ee728b)
Start importing Assets/Scenes using Guid(505a73f4980c1e44aad7451ac858fb8e) Importer(815301076,1909f56bfc062723c751e8b465ee728b)  -> (artifact id: 'fc7339000920af66dae7078f795fadb9') in 0.004320 seconds 
========================================================================
Received Import Request.
  Time since last request: 2.008262 seconds.
  path: Assets/Assets_LeileiLi
  artifactKey: Guid(3d7e6d2a0f4167e48bf7a517e10670d5) Importer(815301076,1909f56bfc062723c751e8b465ee728b)
Start importing Assets/Assets_LeileiLi using Guid(3d7e6d2a0f4167e48bf7a517e10670d5) Importer(815301076,1909f56bfc062723c751e8b465ee728b)  -> (artifact id: 'a488b41a5ed2855b4e2b124d33f20ad9') in 0.001889 seconds 
========================================================================
Received Import Request.
  Time since last request: 20.210604 seconds.
  path: Assets/Assets_LeileiLi/Scripts_Lileilei
  artifactKey: Guid(651c48a1fa331344cb66ac73171f3e16) Importer(815301076,1909f56bfc062723c751e8b465ee728b)
Start importing Assets/Assets_LeileiLi/Scripts_Lileilei using Guid(651c48a1fa331344cb66ac73171f3e16) Importer(815301076,1909f56bfc062723c751e8b465ee728b)  -> (artifact id: '6a186e60509e196bb821c2df00e825ef') in 0.003565 seconds 
========================================================================
Received Import Request.
  Time since last request: 0.956052 seconds.
  path: Assets/Assets_LeileiLi/Scenes_Lileilei
  artifactKey: Guid(af1a61ef7c966ea4e8dacdde2be48d5a) Importer(815301076,1909f56bfc062723c751e8b465ee728b)
Start importing Assets/Assets_LeileiLi/Scenes_Lileilei using Guid(af1a61ef7c966ea4e8dacdde2be48d5a) Importer(815301076,1909f56bfc062723c751e8b465ee728b)  -> (artifact id: '89a05e34746d450be6077c3347d735d2') in 0.002332 seconds 
========================================================================
Received Import Request.
  Time since last request: 3.854707 seconds.
  path: Assets/ShujunL
  artifactKey: Guid(2d2c4e9b6c4146542b6cebb1715cf210) Importer(815301076,1909f56bfc062723c751e8b465ee728b)
Start importing Assets/ShujunL using Guid(2d2c4e9b6c4146542b6cebb1715cf210) Importer(815301076,1909f56bfc062723c751e8b465ee728b)  -> (artifact id: '703647f83c705cf9cf5820556e4eccb8') in 0.003442 seconds 
========================================================================
Received Import Request.
  Time since last request: 1.739395 seconds.
  path: Assets/MenuForAll
  artifactKey: Guid(5a1490751bde0914d9405e3beb72e2c7) Importer(815301076,1909f56bfc062723c751e8b465ee728b)
Start importing Assets/MenuForAll using Guid(5a1490751bde0914d9405e3beb72e2c7) Importer(815301076,1909f56bfc062723c751e8b465ee728b)  -> (artifact id: '7cb66cbcdb44aedd6c7359a1fde78060') in 0.002032 seconds 
========================================================================
Received Import Request.
  Time since last request: 2.247384 seconds.
  path: Assets/MenuForAll/Scenes
  artifactKey: Guid(1a695a40f238fca429b3a3c9434ca31a) Importer(815301076,1909f56bfc062723c751e8b465ee728b)
Start importing Assets/MenuForAll/Scenes using Guid(1a695a40f238fca429b3a3c9434ca31a) Importer(815301076,1909f56bfc062723c751e8b465ee728b)  -> (artifact id: 'c2f56d41b6bc60cfd72ea41a292f0a7d') in 0.001810 seconds 
========================================================================
Received Import Request.
  Time since last request: 1.206166 seconds.
  path: Assets/MenuForAll/Scenes/Menu1.unity
  artifactKey: Guid(a8225409200143a4e8d203404f3b9d37) Importer(815301076,1909f56bfc062723c751e8b465ee728b)
Start importing Assets/MenuForAll/Scenes/Menu1.unity using Guid(a8225409200143a4e8d203404f3b9d37) Importer(815301076,1909f56bfc062723c751e8b465ee728b)  -> (artifact id: '4919fa89647f9994fd878f2e4eb75908') in 0.014661 seconds 
========================================================================
Received Import Request.
  Time since last request: 10.070638 seconds.
  path: Assets/MenuForAll/Scenes/Menu2.unity
  artifactKey: Guid(993927bb5f5f0d4478d7eb4724abb653) Importer(815301076,1909f56bfc062723c751e8b465ee728b)
Start importing Assets/MenuForAll/Scenes/Menu2.unity using Guid(993927bb5f5f0d4478d7eb4724abb653) Importer(815301076,1909f56bfc062723c751e8b465ee728b)  -> (artifact id: '3e40809cd7f92b719f8a8914cb5184d6') in 0.002300 seconds 
========================================================================
Received Import Request.
  Time since last request: 5.832859 seconds.
  path: Assets/Assets_LeileiLi/Scenes_Lileilei/Scene_Lieilei.unity
  artifactKey: Guid(a68988c2d73ab404f8f10342c4f46ce6) Importer(815301076,1909f56bfc062723c751e8b465ee728b)
Start importing Assets/Assets_LeileiLi/Scenes_Lileilei/Scene_Lieilei.unity using Guid(a68988c2d73ab404f8f10342c4f46ce6) Importer(815301076,1909f56bfc062723c751e8b465ee728b)  -> (artifact id: '11f5970bddbb6d53c51ac1d17ff46d31') in 0.002372 seconds 
========================================================================
Received Import Request.
  Time since last request: 13.275221 seconds.
  path: Assets/jiacheng_Liang/Scenes_liang
  artifactKey: Guid(35d99e93e985351498471bd06481d7e8) Importer(815301076,1909f56bfc062723c751e8b465ee728b)
Start importing Assets/jiacheng_Liang/Scenes_liang using Guid(35d99e93e985351498471bd06481d7e8) Importer(815301076,1909f56bfc062723c751e8b465ee728b)  -> (artifact id: '4ae1e734c82912435dc7d423259648c2') in 0.002089 seconds 
========================================================================
Received Import Request.
  Time since last request: 2.040394 seconds.
  path: Assets/jiacheng_Liang/Scenes_liang/instructions.unity
  artifactKey: Guid(1e50a5b2f1365bc42b44762fffc06e61) Importer(815301076,1909f56bfc062723c751e8b465ee728b)
Start importing Assets/jiacheng_Liang/Scenes_liang/instructions.unity using Guid(1e50a5b2f1365bc42b44762fffc06e61) Importer(815301076,1909f56bfc062723c751e8b465ee728b)  -> (artifact id: 'c42c53ae4e423f859b0a7eadaaa60fbb') in 0.003901 seconds 
========================================================================
Received Import Request.
  Time since last request: 0.951411 seconds.
  path: Assets/jiacheng_Liang/Scenes_liang/lianghomepage.unity
  artifactKey: Guid(3b9188e4e2d7e074abf3b94bb4c0f45f) Importer(815301076,1909f56bfc062723c751e8b465ee728b)
Start importing Assets/jiacheng_Liang/Scenes_liang/lianghomepage.unity using Guid(3b9188e4e2d7e074abf3b94bb4c0f45f) Importer(815301076,1909f56bfc062723c751e8b465ee728b)  -> (artifact id: 'd620c29420695501ce98dc5097671e93') in 0.005682 seconds 
========================================================================
Received Import Request.
  Time since last request: 8.361744 seconds.
  path: Assets/Mingyang Lv/Scenes
  artifactKey: Guid(c27b37bf588e3d741ab0edf058506efe) Importer(815301076,1909f56bfc062723c751e8b465ee728b)
Start importing Assets/Mingyang Lv/Scenes using Guid(c27b37bf588e3d741ab0edf058506efe) Importer(815301076,1909f56bfc062723c751e8b465ee728b)  -> (artifact id: '9226546548b5c64fa72b62d5c09b788d') in 0.001820 seconds 
========================================================================
Received Import Request.
  Time since last request: 0.953736 seconds.
  path: Assets/Mingyang Lv/Scenes/Help.unity
  artifactKey: Guid(2c1f022f5b9217344aaafb6c36ba49cb) Importer(815301076,1909f56bfc062723c751e8b465ee728b)
Start importing Assets/Mingyang Lv/Scenes/Help.unity using Guid(2c1f022f5b9217344aaafb6c36ba49cb) Importer(815301076,1909f56bfc062723c751e8b465ee728b)  -> (artifact id: 'c12e729111b53141b90eb0a359f3880b') in 0.002645 seconds 
========================================================================
Received Import Request.
  Time since last request: 1.134523 seconds.
  path: Assets/Mingyang Lv/Scenes/WinPage.unity
  artifactKey: Guid(bc6375f0ddfd6ea40add32bf9f0b145f) Importer(815301076,1909f56bfc062723c751e8b465ee728b)
Start importing Assets/Mingyang Lv/Scenes/WinPage.unity using Guid(bc6375f0ddfd6ea40add32bf9f0b145f) Importer(815301076,1909f56bfc062723c751e8b465ee728b)  -> (artifact id: '278e0ae7e72b45459b4fec1535c74a63') in 0.002145 seconds 
========================================================================
Received Import Request.
  Time since last request: 8.170946 seconds.
  path: Assets/ShujunL/ShujunL.unity
  artifactKey: Guid(6865bc747e3f72247b711845fa016d42) Importer(815301076,1909f56bfc062723c751e8b465ee728b)
Start importing Assets/ShujunL/ShujunL.unity using Guid(6865bc747e3f72247b711845fa016d42) Importer(815301076,1909f56bfc062723c751e8b465ee728b)  -> (artifact id: '0410d6bf3eebe0ecf9493871dbbc3a16') in 0.002624 seconds 
========================================================================
Received Import Request.
  Time since last request: 4.224250 seconds.
  path: Assets/Wenshuo_Lei
  artifactKey: Guid(fd740fb65b3eae34680298101e984984) Importer(815301076,1909f56bfc062723c751e8b465ee728b)
Start importing Assets/Wenshuo_Lei using Guid(fd740fb65b3eae34680298101e984984) Importer(815301076,1909f56bfc062723c751e8b465ee728b)  -> (artifact id: 'ee6e0c2679c8aadfc28f2bfff31ebc86') in 0.003128 seconds 
========================================================================
Received Import Request.
  Time since last request: 2.417559 seconds.
  path: Assets/Wenshuo_Lei/Scenes
  artifactKey: Guid(f033377fcf20fea409c46332b76ff8dd) Importer(815301076,1909f56bfc062723c751e8b465ee728b)
Start importing Assets/Wenshuo_Lei/Scenes using Guid(f033377fcf20fea409c46332b76ff8dd) Importer(815301076,1909f56bfc062723c751e8b465ee728b)  -> (artifact id: 'f79c2a5892994e5af669c854ab5ad2dd') in 0.002404 seconds 
========================================================================
Received Import Request.
  Time since last request: 1.342897 seconds.
  path: Assets/Wenshuo_Lei/Scenes/MainScene_Lei
  artifactKey: Guid(76872da46d5619f40b4fd719fa968a9b) Importer(815301076,1909f56bfc062723c751e8b465ee728b)
Start importing Assets/Wenshuo_Lei/Scenes/MainScene_Lei using Guid(76872da46d5619f40b4fd719fa968a9b) Importer(815301076,1909f56bfc062723c751e8b465ee728b)  -> (artifact id: 'ad1ab1b1f697caf50a298530c6bc8166') in 0.002947 seconds 
========================================================================
Received Import Request.
  Time since last request: 0.522589 seconds.
  path: Assets/Wenshuo_Lei/Scenes/MainScene_Lei.unity
  artifactKey: Guid(3942f59edb1a0e64abb9e368038947af) Importer(815301076,1909f56bfc062723c751e8b465ee728b)
Start importing Assets/Wenshuo_Lei/Scenes/MainScene_Lei.unity using Guid(3942f59edb1a0e64abb9e368038947af) Importer(815301076,1909f56bfc062723c751e8b465ee728b)  -> (artifact id: '2e44e462d8abb1e26dc121fe0778d95c') in 0.002479 seconds 
========================================================================
Received Import Request.
  Time since last request: 0.851344 seconds.
  path: Assets/Wenshuo_Lei/Scenes/HelpScene_Lei.unity
  artifactKey: Guid(4972fae70171a724fb21a9205d4b3c80) Importer(815301076,1909f56bfc062723c751e8b465ee728b)
Start importing Assets/Wenshuo_Lei/Scenes/HelpScene_Lei.unity using Guid(4972fae70171a724fb21a9205d4b3c80) Importer(815301076,1909f56bfc062723c751e8b465ee728b)  -> (artifact id: '500e3c313cdb72a6be9a3a37be2e8790') in 0.003165 seconds 
========================================================================
Received Prepare
Registering precompiled user dll's ...
Registered in 0.002697 seconds.
Begin MonoManager ReloadAssembly
Native extension for WindowsStandalone target not found
Native extension for WebGL target not found
Refreshing native plugins compatible for Editor in 0.63 ms, found 2 plugins.
Preloading 0 native plugins for Editor in 0.00 ms.
Mono: successfully reloaded assembly
- Completed reload, in  1.373 seconds
Domain Reload Profiling:
	ReloadAssembly (1373ms)
		BeginReloadAssembly (123ms)
			ExecutionOrderSort (0ms)
			DisableScriptedObjects (5ms)
			BackupInstance (0ms)
			ReleaseScriptingObjects (0ms)
			CreateAndSetChildDomain (34ms)
		EndReloadAssembly (1181ms)
			LoadAssemblies (100ms)
			RebuildTransferFunctionScriptingTraits (0ms)
			SetupTypeCache (405ms)
			ReleaseScriptCaches (1ms)
			RebuildScriptCaches (61ms)
			SetupLoadedEditorAssemblies (472ms)
				LogAssemblyErrors (0ms)
				InitializePlatformSupportModulesInManaged (10ms)
				SetLoadedEditorAssemblies (1ms)
				RefreshPlugins (1ms)
				BeforeProcessingInitializeOnLoad (150ms)
				ProcessInitializeOnLoadAttributes (297ms)
				ProcessInitializeOnLoadMethodAttributes (10ms)
				AfterProcessingInitializeOnLoad (3ms)
				EditorAssembliesLoaded (0ms)
			ExecutionOrderSort2 (0ms)
			AwakeInstancesAfterBackupRestoration (9ms)
Platform modules already initialized, skipping
OnLevelWasLoaded was found on DOTweenComponent
This message has been deprecated and will be removed in a later version of Unity.
Add a delegate to SceneManager.sceneLoaded instead to get notifications after scene loading has completed
Refreshing native plugins compatible for Editor in 0.88 ms, found 2 plugins.
Preloading 0 native plugins for Editor in 0.00 ms.
Unloading 1586 Unused Serialized files (Serialized files now loaded: 0)
System memory in use before: 74.9 MB.
System memory in use after: 75.1 MB.

Unloading 16 unused Assets to reduce memory usage. Loaded Objects now: 2043.
Total: 6.161300 ms (FindLiveObjects: 0.263700 ms CreateObjectMapping: 0.118400 ms MarkObjects: 5.710600 ms  DeleteObjects: 0.066800 ms)

AssetImportParameters requested are different than current active one (requested -> active):
  custom:framework-win-MediaFoundation: 216162199b28c13a410421893ffa2e32 -> 
  custom:video-decoder-ogg-theora: a1e56fd34408186e4bbccfd4996cb3dc -> 
  custom:container-muxer-webm: aa71ff27fc2769a1b78a27578f13a17b -> 
  custom:container-demuxer-webm: 4f35f7cbe854078d1ac9338744f61a02 -> 
  custom:container-demuxer-ogg: 62fdf1f143b41e24485cea50d1cbac27 -> 
  custom:video-encoder-webm-vp8: eb34c28f22e8b96e1ab97ce403110664 -> 
  custom:video-codec-MediaFoundation-h265: 746d11721c4dcdbdad8f713fa42b33f4 -> 
  custom:video-decoder-webm-vp8: 9c59270c3fd7afecdb556c50c9e8de78 -> 
  custom:audio-decoder-ogg-vorbis: bf7c407c2cedff20999df2af8eb42d56 -> 
  custom:audio-encoder-webm-vorbis: bf7c407c2cedff20999df2af8eb42d56 -> 
AssetImportWorkerClient::OnTransportError - code=2 error=End of file
